f,v
147.293,2.42245
182.19,4.85172
145.053,5.59646
126.847,5.90304
120.806,1.95802
189.417,4.64382
199.102,-3.86461
198.748,-4.17588
28.4551,-7.94699
174.07,-5.04405
154.804,-2.55923
167.899,2.81375
190.911,4.59304
194.935,3.56359
199.537,-3.98963
12.496,8.70766
198.961,-3.8446
189.259,-4.64897
147.288,2.42236
153.36,-2.53255
53.9972,-0.0176024
199.349,-3.91003
178.967,-3.05908
134.346,-2.19424
116.178,6.07952
43.5519,-7.48909
124.486,5.94212
142.84,2.34321
198.182,3.76295
188.345,3.31464
196.233,4.36366
85.5197,6.60296
183.467,-4.81828
196.804,-3.66391
90.645,-6.51193
86.2322,6.59018
161.961,-2.69505
91.4843,-6.49721
105.918,1.69103
107.678,6.22087
149.609,-2.46415
145.217,5.59362
131.821,5.8204
77.9293,1.11197
72.5809,0.974684
90.8215,1.39849
176.685,3.00501
116.825,-6.06881
199.532,4.01298
120.523,-1.95305
186.205,-4.7424
120.166,6.01356
197.904,-4.2544
84.5697,-1.26554
199.335,3.9068
95.1817,1.48639
185.694,-4.75705
181.13,3.11262
192.582,3.46239
182.675,-4.83915
198.93,-3.84056
179.762,4.91253
130.616,5.84047
196.844,-3.66637
175.602,5.00993
192.477,4.53524
191.39,-4.57592
181.471,-4.87009
148.968,2.45257
198.536,4.19851
184.059,-3.18952
194.739,4.43955
115.325,-1.8612
161.499,-5.29983
88.0781,6.55726
197.676,-4.27178
193.906,-3.51685
167.293,2.80131
195.409,-4.40714
70.9994,-0.930867
180.668,3.10097
176.157,-2.9928
165.789,2.77081
19.0497,8.33462
27.0264,-7.99886
104.987,-6.26598
173.432,-2.93145
95.9033,-1.50063
194.597,-4.4461
144.53,2.37316
137.305,-5.72852
185.188,4.77133
170.152,2.86071
56.4082,-7.17875
199.084,3.86193
109.39,1.75459
108.751,1.74296
139.072,-5.69868
44.6416,7.46064
80.3091,6.69783
27.5637,-7.97912
191.766,-3.43122
81.9222,-6.66819
89.8985,-1.37943
105.274,1.67913
127.529,2.07552
149.09,-5.52614
189.959,-4.62584
167.917,-2.81413
152.288,-2.51288
9.6506,8.92232
194.095,-3.52513
193.572,-3.50261
76.708,-1.08189
140.404,5.67608
196.273,4.36139
193.443,-3.49717
160.005,2.65724
199.411,4.06879
199.444,3.9355
55.6203,-0.284082
193.057,-3.4813
177.138,4.97484
117.795,1.905
114.06,-1.83866
46.5738,7.41131
147.921,-2.43372
116.35,1.87942
199.51,-3.96381
198.614,4.19049
123.505,2.00532
19.5037,8.31283
70.9184,6.8763
90.7196,1.3964
195.857,3.60998
117.284,1.89595
175.232,5.01825
146.863,2.41475
158.496,2.62846
185.849,4.75265
142.647,-5.63782
185.84,-3.23938
38.8595,7.61742
193.978,-4.47375
150.893,-2.48743
174.213,-2.94877
114.214,-6.11207
194.996,4.42742
199.154,-3.87279
172.508,5.07802
199.474,-4.0481
168.557,-5.16079
181.859,3.13124
193.954,-4.47479
193.896,-3.51645
122.979,-1.99611
181.68,-3.12663
180.714,4.88909
75.6512,-1.05531
197.078,-3.68117
56.5828,7.17486
192.951,-4.51656
173.497,2.9329
141.529,-5.65694
186.028,-4.74753
65.5141,6.9845
94.149,6.45078
195.153,-4.4198
130.779,-5.83775
53.9918,-0.00651701
175.735,2.98314
129.601,-2.1116
68.1918,0.84829
185.638,-4.75866
149.57,-5.51769
52.7862,7.26119
199.154,4.12174
49.4265,7.34088
179.596,3.0744
59.3039,0.514642
199.438,3.93366
144.378,5.60809
199.132,-3.86928
185.825,4.75334
124.173,-5.94732
98.9571,-1.56001
160.108,2.65923
145.42,5.5901
168.743,2.8312
106.761,1.70655
194.648,-3.55009
193.102,-4.51045
195.211,3.57698
195.157,-3.5743
94.1959,1.46681
183.308,-4.82252
132.85,2.16818
26.138,-8.03215
136.857,-2.23807
122.27,-1.9837
107.981,1.72893
129.324,-2.10678
8.20951,9.05203
62.397,-0.649148
96.0179,6.41849
169.948,-2.8564
191.686,4.5651
161.983,-2.69546
165.662,-2.76823
4.45154,9.51537
85.5528,-1.28709
199.43,-4.06321
197.562,-4.28012
112.981,6.13251
135.917,-5.75189
192.539,-3.4607
165.703,5.21819
8.6689,-9.00873
181.387,-3.11916
120.426,6.00925
198.753,-3.81911
158.7,2.63234
123.36,-5.96076
85.2974,-6.60696
199.505,-3.96086
162.158,5.28724
88.718,1.35477
74.6601,1.02986
193.969,-3.51962
123.607,5.95667
184.271,3.19533
191.227,-4.58181
31.8842,7.82994
56.1605,-0.327961
144.493,2.37249
197.168,-4.30718
144.169,-5.6117
86.9621,-1.31753
199.317,-3.90291
197.194,4.30544
197.926,-4.25265
63.2482,-0.681752
172.153,-2.9035
194.837,-4.43494
77.744,1.10745
196.275,-4.36128
118.051,6.04853
196.941,4.32178
184.567,-4.78855
153.282,2.53112
53.7453,7.23903
183.357,4.82122
191.872,3.43519
25.1674,-8.06952
21.5893,-8.21756
194.881,-3.56103
73.2624,0.993052
168.466,2.82546
160.757,5.31393
85.4423,1.28468
184.395,-3.19874
161.247,-2.68117
94.9624,-6.4367
58.7743,-7.12662
162.236,-2.7004
93.8953,-1.46081
177.169,-4.97412
62.0271,-7.05692
190.468,4.60851
114.427,1.84522
185.017,3.216
131.248,5.82994
73.2283,0.99214
54.0311,-0.0445047
173.614,2.93548
196.484,-3.6448
77.4475,1.10019
101.89,-6.31824
168.557,-2.82733
172.801,-2.9176
199.307,-4.09376
30.983,7.85977
198.739,3.81754
198.676,-4.18386
198.831,-3.8282
198.67,3.80993
190.916,-3.40035
55.0336,-0.227128
198.833,-3.82853
183.003,3.16115
192.74,-4.52493
111.487,6.15734
125.92,-2.04748
119.563,6.02352
40.0702,7.58333
115.994,-6.08257
124.425,5.94314
168.382,-2.82371
182.035,-3.13579
182.853,-4.8345
195.221,4.41648
185.696,-3.23526
62.2959,-0.645172
196.78,4.33175
90.9795,-1.40174
111.737,-6.15318
198.033,4.24398
190.469,4.60848
77.7801,-6.74487
140.144,-5.6805
127.811,-5.88706
136.057,-5.74953
198.724,-3.81593
67.4889,-0.826477
193.832,-3.51367
196.125,-4.36961
161.3,-5.30362
144.187,2.36706
169.743,2.85209
68.3216,-0.852261
25.0969,-8.07227
83.6564,6.63659
198.669,-3.80989
166.948,5.19338
196.747,4.33372
81.7418,1.20199
134.357,-5.77804
150.738,-2.48461
54.1209,-0.0801164
147.597,-5.55228
78.7572,6.72661
121.292,-5.99495
199.536,-4.00706
68.6415,-0.861983
171.767,-2.89515
161.078,5.30784
189.185,3.34155
192.762,4.52408
86.398,-1.3054
122.077,-5.98197
159.25,5.34229
191.384,-4.57615
123.179,5.96375
154.063,-5.43756
131.289,2.14099
54.1801,0.0966735
127.118,5.89855
169.406,-5.14335
64.8997,0.741196
197.681,-4.27145
151.683,2.50181
190.648,-4.60228
199.472,3.94561
172.017,5.08853
71.6606,-0.949399
197.496,-3.70948
59.4996,-0.524128
174.154,5.04218
4.47508,-9.51155
55.2571,7.20459
167.915,5.17387
190.31,4.61393
176.927,3.01064
112.981,1.81936
193.683,-3.50728
84.2342,-1.25812
133.349,-2.17688
90.2113,-1.38591
53.0284,7.25557
55.7101,-0.291826
181.142,-3.11293
199.471,-4.04947
196.118,-3.62408
187.808,-3.29792
19.1406,8.33023
189.343,4.64622
77.7985,1.10878
170.341,2.86471
185.616,-3.23296
48.8604,7.35464
169.126,-2.83917
44.2223,-7.47153
77.7728,6.745
55.1399,-0.238456
127.355,-5.89462
21.3162,8.22961
156.85,-5.38679
94.1476,1.46585
176.894,-4.98047
65.6458,0.766657
130.961,-2.13528
188.729,-3.32682
117.488,1.89957
198.863,-4.16239
64.8182,-6.99878
198.348,-3.77786
113.755,6.11967
183.007,-3.16124
54.1452,-0.0872955
152.071,-5.47333
192.771,3.46983
172.65,-5.07496
121.397,1.96839
177.373,-4.96939
199.111,3.86596
180.65,-3.10052
77.1299,1.09236
48.3753,-7.36652
127.965,5.88451
175.524,2.97831
157.507,2.60976
164.43,-5.24326
196.907,4.3239
194.207,-3.5301
195.063,-3.56974
54.703,-0.187653
190.964,4.59117
194.446,-3.54082
152.317,-2.51342
199.434,-3.93237
131.969,-2.15283
198.837,4.1655
188.705,-4.66676
199.054,3.85741
85.715,1.29062
159.963,2.65645
174.112,-2.94653
195.985,-4.37723
87.6208,1.33159
163.75,2.73012
102.973,-1.63625
81.9158,1.20597
199.436,-3.933
180.377,-4.89744
55.8125,-0.300415
116.208,-6.07902
176.254,-2.99503
186.891,-3.27013
110.685,-6.1707
172.54,-5.07732
181.853,-4.86037
54.0265,0.0418872
194.378,-3.53776
188.439,3.3176
157.859,5.36818
100.978,-1.59863
171.586,-5.09771
25.7186,-8.04817
194.925,3.5631
196.682,-3.65651
199.472,3.9456
68.5308,-6.92354
54.4519,-0.150952
100.74,-1.5941
194.914,-3.56259
48.6875,7.35886
182.852,3.15714
75.1868,1.04344
111.549,1.79364
188.713,-3.3263
187.752,4.69645
182.467,4.84457
171.958,-5.0898
152.85,2.52319
106.067,-1.69378
192.767,4.52388
109.551,-6.18959
164.061,5.25047
24.2415,-8.10619
102.26,6.31198
133.932,5.78516
55.8587,-0.304217
172.972,5.06801
182.09,-4.85431
191.91,-4.55679
77.659,-1.10537
179.413,3.0699
196.735,-3.65971
67.3249,-0.821316
82.6948,6.65408
121.352,5.99395
168.701,-2.83033
70.1322,6.89177
180.723,-4.88886
31.8358,7.83153
190.289,-4.61464
178.518,-4.94247
195.395,4.40789
54.0432,0.0508126
136.063,-5.74943
164.558,-5.24076
84.821,-1.27107
83.8424,-1.24943
122.719,1.99157
157.331,-5.37794
13.2642,-8.6567
7.07572,9.16837
163.22,2.71968
16.2351,-8.47972
193.109,-3.48341
15.0988,-8.54406
66.4639,-6.96515
96.759,1.5174
159.431,-5.33891
35.1124,-7.72786
198.3,-4.22098
124.716,2.02647
192.513,4.53382
165.486,5.2225
125.105,-5.93189
175.231,-2.97166
185.522,-4.76194
198.335,-3.77663
193.073,-4.51163
174.984,-2.96608
179.327,-4.92308
102.517,1.6277
165.213,-2.75924
199.131,4.1254
105.93,-6.25015
199.173,4.11868
193.522,4.49318
118.114,-6.04749
193.944,4.47521
88.3137,1.34626
90.6233,-1.39441
98.3219,1.54777
199.481,-3.94944
172.478,5.07867
127.037,5.89989
199.46,3.94129
7.96484,-9.07593
198.585,3.80095
64.1252,-0.713888
198.491,-4.20296
169.089,5.14987
198.177,-4.23187
198.466,4.20541
198.173,4.23217
163.909,2.73326
197.98,-4.24831
140.338,-5.67721
94.467,1.47221
173.762,-5.0508
181.497,3.12195
145.031,-5.59683
191.006,-4.5897
61.6984,-7.06387
196.315,3.63507
196.493,-4.34882
142.685,5.63717
1.69545,-10.1759
114.187,-6.11251
36.7184,7.67956
54.1968,0.100847
199.535,-4.00906
76.8403,6.76252
162.716,2.70977
140.708,-2.30561
71.1903,-0.93625
175.796,2.98453
67.7431,-0.834423
198.496,4.20251
163.582,-2.72682
126.926,-2.06501
198.022,-3.74951
169.173,-5.14816
185.207,-4.77079
52.2215,7.27436
181.269,-4.87521
164.401,5.24383
194.12,-4.46755
181.242,3.11546
89.9547,6.52407
120.063,-1.94498
117.055,-1.8919
69.7047,-0.89362
164.284,5.24612
198.738,-4.17702
110.798,-1.78009
119.118,-1.92833
194.401,-4.45502
198.677,3.81076
109.692,6.18723
191.171,-3.40946
187.316,3.28288
199.531,-3.98029
95.3409,-1.48954
160.227,5.32395
134.166,-2.19111
199.502,3.95893
155.484,-5.4118
62.4607,7.0478
180.652,3.10057
194.165,4.46555
191.26,4.58064
196.161,3.62643
190.061,-4.6224
73.0884,-0.98839
124.84,-5.93627
196.041,4.37421
75.322,6.79127
148.537,-2.44479
69.0724,0.874926
50.4341,-7.31663
173.133,2.92488
136.428,-5.7433
88.3096,1.34618
198.231,-4.22715
142.834,5.63462
142.579,-2.33859
195.594,-4.39781
33.8126,-7.76812
130.373,-2.12504
164.28,5.2462
141.572,-5.65619
198.111,-3.75686
55.5457,0.277486
124.499,5.94191
103.998,-1.65542
168.671,-5.15845
134.364,5.77792
144.461,-2.37192
124.051,-2.01485
76.6403,-6.76629
56.4406,0.348576
197.88,-4.25629
151.841,-2.5047
148.556,2.44515
181.926,4.85851
199.208,-4.11272
99.0924,-1.56261
155.52,5.41114
166.774,2.79073
191.722,-3.42957
93.2364,-6.46663
58.9547,7.12269
165.792,-2.77085
174.315,-5.03864
41.2296,7.55135
64.4156,-0.72424
125.304,-2.03673
117.242,-1.89522
175.178,5.01945
150.297,5.50485
188.352,3.31485
126.6,-2.05933
182.774,3.15509
183.051,-4.8293
180.988,-4.88225
127.756,5.88798
46.2425,7.41967
77.3844,-1.09863
142.348,-2.3345
54.0032,-0.0245726
81.9191,-1.20604
182.946,4.83207
114.087,-1.83915
82.7674,6.65275
196.086,4.37176
189.2,4.6509
97.1048,-1.52415
180.904,-3.10691
132.847,2.16812
191.176,-3.40964
193.141,3.48472
198.732,-4.17773
105.144,6.26334
198.79,-3.82345
34.8632,7.73549
199.162,-3.87406
126.106,-2.05073
83.8887,1.25046
190.066,3.37084
68.0107,-6.93395
131.847,5.81996
114.941,-6.10001
174.087,2.94598
30.5691,-7.87369
191.443,4.574
193.737,3.50958
76.1411,1.0677
122.65,5.9725
164.891,2.75279
199.528,-4.01804
191.817,3.43311
153.597,-2.53692
175.462,5.01309
167.97,2.81522
150.666,-5.49832
199.239,3.88739
173.253,-5.06191
84.6836,6.61801
57.7158,0.43031
155.449,-2.57121
197.615,3.71806
198.989,-4.14621
40.1085,-7.58227
184.252,-4.79717
186.516,3.25905
197.957,4.25021
161.1,5.30742
73.6451,-1.00324
103.723,-6.28727
91.8983,1.42052
199.538,-3.99754
67.6121,0.830339
97.1961,6.39823
121.286,1.96646
188.796,3.32896
182.473,4.84441
184.748,4.78356
70.2423,6.88959
187.811,4.69466
168.121,5.16967
178.245,-3.04172
123.485,2.00496
57.8237,-0.436539
131.433,-2.1435
189.428,-4.64344
199.517,-4.02629
113.111,-6.13036
192.858,4.52024
109.86,6.18443
191.722,4.5638
97.0614,1.52331
192.646,-3.46487
123.047,-5.96593
184.888,-4.77969
167.364,-5.18501
157.575,2.61104
143.309,5.62648
166.188,2.77885
151.373,-5.48577
34.6037,-7.74348
196.064,3.62114
199.122,3.86772
197.081,-4.31288
24.8017,-8.08388
121.019,5.99945
198.52,-3.79433
191.803,-4.56077
186.034,-3.24499
135.688,5.75573
198.976,-4.14797
185.722,-3.23598
115.125,-6.09696
75.7352,1.05744
128.097,-5.88232
199.232,3.8862
188.118,-4.68518
68.8326,-0.867744
126.291,5.91225
69.0481,6.91324
158.932,-2.63676
159.428,5.33895
142.146,-5.6464
125.02,-2.03177
197.143,4.30881
175.245,-5.01796
58.7351,0.486071
191.24,-4.58135
113.442,6.12486
154.273,-2.5494
176.246,2.99486
190.717,4.59988
197.708,4.26945
76.5019,-1.07675
155.919,-5.40386
198.061,-4.24166
165.82,5.21589
182.736,4.83756
96.2545,1.50753
54.0358,0.0470357
110.317,-1.77139
98.5181,1.55156
176.497,-4.98959
138.915,-2.27412
198.383,-3.78107
93.4175,6.46348
183.783,-4.80985
184.628,3.20516
195.113,3.57219
136.615,-5.74015
158.539,5.35556
191.26,3.41266
10.7579,-8.83324
195.121,3.57255
64.2326,-0.717735
199.393,3.92076
155.739,-5.40715
102.179,1.62134
199.227,3.88519
199.522,-4.02257
151.763,2.50327
199.459,4.05372
183.791,-4.80962
155.771,-2.57722
24.176,8.10883
55.0066,-0.224166
69.1088,0.876011
137.337,2.24647
157.907,5.3673
142.566,-5.63921
73.0643,6.83454
109.109,-1.74948
15.72,-8.50842
69.1298,6.91161
194.821,-4.43569
192.14,3.44528
127.344,-5.8948
198.221,-4.22807
199.475,-4.04772
185.317,-3.22447
178.937,3.05834
59.8907,0.542605
122.582,-5.97362
122.211,1.98267
147.713,5.55027
194.097,-4.46854
12.8566,8.68343
191.963,4.5548
151.549,2.49937
172.576,-5.07656
198.482,3.79058
162.134,-2.6984
123.441,5.95942
127.625,-2.07719
107.634,1.72257
95.7859,1.49832
183.369,4.8209
191.43,4.57449
177.83,-4.9587
58.981,7.12212
145.223,2.38548
152.515,-5.4654
199.201,-3.88055
43.1465,7.49979
47.6528,-7.38435
183.04,4.82959
45.999,7.42584
178.666,-4.93894
132.058,-2.15438
189.918,-3.36584
195.034,-4.42555
138.197,5.71348
197.792,-3.73127
161.52,-2.68648
176.64,-4.98631
54.7439,0.192965
168.866,-2.83375
193.16,4.50813
154.589,-5.42806
143.341,-5.62593
101.734,-1.61293
192.029,-3.4411
199.383,4.07642
190.99,-3.40297
181.634,-4.86595
176.66,-3.00442
94.2677,1.46825
195.866,4.3836
118.147,-1.91121
199.42,4.06641
199.081,-4.13316
182.943,3.15954
90.8246,6.50877
144.385,5.60797
62.825,0.665728
166.565,2.78649
70.1591,-0.906844
196.234,-3.63051
193.467,-4.49548
103.834,6.28539
172.847,5.07072
157.967,5.36618
199,4.14472
180.738,3.10273
183.463,-3.1734
199.391,3.92036
75.4538,-1.05028
110.185,6.17902
184.929,4.77855
183.564,-4.8157
172.334,2.90743
190.34,-4.6129
167.83,-2.81233
155.478,-5.41191
158.121,5.36333
11.5364,8.77507
190.506,4.60719
115.591,-6.08924
193.114,3.48364
149.794,2.46749
170.863,-5.11299
163.618,-2.72751
197.225,3.69087
164.606,2.7471
177.228,3.01766
183.843,4.80822
184.53,-4.78956
107.134,-6.22997
199.524,-4.02096
176.149,4.99754
147.393,-5.55585
63.3179,0.684356
152.485,2.51648
111.978,6.14918
91.4305,-6.49815
176.911,-4.98007
144.577,5.60467
72.3119,6.84912
183.827,3.18323
166.272,-5.20689
199.226,3.88503
180.364,4.89776
174.866,-5.02643
164.195,2.73894
193.097,3.48292
126.037,5.91646
51.7954,7.28435
190.217,-4.6171
198.997,-3.8495
194.373,-3.5375
85.6557,6.60052
143.187,-5.62858
94.6145,-1.47515
173.665,-2.93661
167.825,5.17568
80.0634,1.16303
120.112,-1.94582
58.9097,0.495008
179.139,4.92761
164.612,-5.23971
158.088,2.62074
54.074,0.0640422
114.129,-1.83989
187.753,3.29623
9.11271,-8.9687
57.2361,-0.401481
195.369,3.5848
5.77798,-9.32287
165.661,5.21902
127.84,-2.08094
144.746,5.60176
89.5743,-6.53078
94.9305,1.48142
96.792,6.40517
54.6938,-0.18643
134.833,2.20273
116.934,-1.88977
76.6751,1.08107
192.253,4.54385
176.099,4.99867
187.471,4.70501
106.282,1.69774
162.841,2.71223
133.296,-5.79579
186.577,-3.26083
156.818,2.5968
24.713,8.08738
164.737,5.23725
75.115,6.79521
195.853,-3.60974
163.292,-2.72109
199.515,4.0281
9.89221,-8.90218
152.799,2.52225
132.721,-5.80539
52.1579,7.27584
199.532,3.98176
129.44,5.86002
187.23,4.71226
199.143,-4.12351
142.655,5.63768
183.118,4.82754
134.225,2.19213
170.4,5.12269
186.486,-3.25817
107.817,-1.72592
30.283,-7.88338
199.496,3.95625
197.854,-4.2583
197.222,-4.30363
189.437,3.3498
1.23486,10.3779
121.926,-1.97767
127.603,-5.89051
196.637,-4.34033
199.184,-4.11681
0.46801,-10.9598
128.826,-2.09811
154.318,2.55022
188.982,4.65791
93.3632,-1.45014
183.591,-3.17684
151.978,5.47499
199.463,-4.05255
199.176,4.11823
81.2881,1.19155
147.632,-2.42854
172.393,-5.08048
159.695,2.65132
138.573,5.70711
198.689,-4.18251
115.023,6.09865
155.088,2.5645
115.238,-6.09509
177.805,-4.9593
141.698,2.32303
190.521,3.38646
132.615,2.16409
177.657,4.96275
149.921,-5.5115
24.95,8.07804
199.538,3.99986
131.211,5.83056
117.488,-6.05784
57.5619,0.421271
166.031,2.77567
59.7891,-0.537861
196.89,-4.32498
67.2013,6.95022
54.0108,-0.0313066
190.637,3.39052
157.443,-2.60856
195.653,-4.39477
171.353,5.10264
43.7016,-7.48515
39.765,-7.59186
199.452,3.93845
164.387,5.24411
80.7504,-6.6897
199.529,-4.01709
105.353,6.25984
132.979,2.17043
134.002,-2.18825
166.312,2.78137
178.169,3.0399
118.376,-1.91525
142.498,-5.64037
148.865,-5.53008
162.063,-5.28906
196.818,-4.32942
86.343,-1.30422
80.693,1.17776
122.2,5.97994
160.022,2.65757
194.376,3.53765
127.054,-5.89961
186.346,-4.73834
104.206,-6.27913
198.021,3.74943
117.89,-6.05119
196.321,-3.63543
90.6782,-1.39554
197.658,4.27312
184.259,4.79698
56.694,-0.366239
198.41,4.2108
176.809,3.00788
179.115,4.92821
189.719,4.63385
199.486,4.04324
57.3553,-0.408831
83.4249,1.24011
97.2113,-6.39797
196.655,4.33926
136.2,-5.74712
54.0467,-0.0524897
103.552,-6.29015
34.9388,7.73317
94.6483,1.47582
196.421,3.64118
7.63226,9.10943
162.122,-5.28793
67.5702,6.94279
196.024,3.61893
186.118,-3.2474
199.201,-4.11384
173.824,-5.04945
83.2192,-1.23549
74.1005,-1.01526
199.221,3.88409
178.277,-4.94818
192.9,3.47499
8.32617,9.04085
109.546,6.18966
171.069,-5.10866
114.143,-6.11324
183.726,-3.18049
195.729,-4.39083
54.0286,0.0431256
195.933,4.38004
98.3476,6.37851
35.5919,7.71327
158.612,2.63067
196.457,4.3509
81.0665,-6.68388
135.152,2.2083
98.1188,1.54384
192.749,-4.52459
18.8934,8.34222
110.732,1.77891
180.584,4.89232
188.326,-3.31406
194.977,3.56559
120.062,6.01527
196.383,-3.63898
60.3898,-0.565341
189.084,-3.33825
168.866,-5.15447
80.7086,-1.17812
182.822,3.15636
174.186,-2.94817
110.775,-6.1692
84.146,6.62773
50.4936,-7.31521
188.127,3.3078
199.535,-3.98674
119.869,-6.01846
139.638,-5.68908
175.254,2.97219
160.197,-2.66094
194.155,3.52778
56.411,-0.34645
94.7395,6.44056
182.416,3.1457
185.917,-3.2416
185.017,3.21601
167.22,-5.18791
143.721,2.3588
87.7214,-6.5636
179.242,-3.06575
140.421,-2.30055
133.939,5.78504
199.384,-4.07616
198.614,-4.19047
182.553,-4.84234
106.008,1.69269
151.993,-5.47474
135.773,-5.75429
117.192,6.06274
196.606,-4.34222
181.131,4.87868
196.227,4.36395
76.7051,6.76507
174.73,-5.02946
171.737,2.89451
188.268,3.31221
73.0675,-6.83448
191.794,-4.5611
58.7377,-7.12741
194.593,-3.54755
148.146,-5.54269
158.406,-2.62677
163.628,5.2589
195.661,4.39436
101.94,-1.61683
165.197,5.2282
173.854,-2.94079
119.9,1.9421
197.909,3.74034
125.689,5.92222
144.186,2.36705
196.596,-4.34277
197.333,-3.69813
141.295,2.31594
174.212,5.04092
192.178,-3.44674
124.302,5.94517
127.052,5.89965
102.963,-1.63607
194.31,-4.45911
59.501,-0.524194
151.132,5.49006
160.985,5.30959
198.258,-4.22471
91.6206,-6.49482
69.0252,6.91369
95.7519,6.42308
184.119,-4.80076
199.523,3.97221
186.516,4.73337
60.0085,-7.09992
194.231,-4.46265
116.417,-6.07556
129.747,2.11414
195.741,-4.39018
127.98,-5.88426
160.366,-2.66419
199.53,-4.0157
165.94,-2.77385
84.0494,1.25403
198.808,-3.8255
155.768,-5.40662
179.67,-3.07622
173.009,-2.92216
92.1642,1.42593
95.1081,-6.43419
157.197,5.38042
120.324,-6.01095
60.502,0.570337
141.802,-5.65227
159.787,-2.65306
118.439,-1.91637
182.818,-4.83541
138.315,-2.26359
154.511,5.42948
75.2401,-1.04481
59.3749,0.518106
165.3,-2.76098
179.373,-3.06895
130.324,-5.84532
199.271,4.10112
111.438,-1.79165
118.633,-1.9198
184.463,-4.79141
160.775,2.67207
93.78,-1.4585
165.049,2.75594
164.623,5.23948
191.838,3.43389
192.873,3.47389
172.915,-5.06924
198.338,-3.77695
177.942,4.95608
146.468,-5.57194
188.908,3.33257
57.2555,0.402683
29.2983,7.91728
162.093,-2.6976
54.7857,-0.198264
73.6509,6.82324
114.027,6.11516
194.729,4.43999
165.166,2.75829
136.935,-2.23944
197.635,4.27484
156.678,-5.38996
192.924,3.47595
165.134,2.75764
178.506,-3.04797
191.701,4.56458
175.643,-5.00901
186.851,3.26896
75.9943,-1.064
198.92,-3.83929
163.017,2.71568
198.841,-4.16509
155.14,-2.56546
125.538,5.92472
158.09,-5.36389
83.8195,-6.63364
93.2647,1.44817
199.538,-3.9921
140.499,-5.67448
184.239,-3.19445
190.156,-3.37393
128.204,-5.88054
128.251,-2.0881
197.252,-3.69269
81.6228,1.19925
138.355,-2.26429
191.75,3.43063
172.281,5.08289
0.99073,-10.5146
59.1845,0.508775
190.876,-4.59429
199.044,-3.85601
197.614,3.71795
199.475,4.04788
21.9227,8.203
178.535,-3.04867
90.8236,1.39854
189.035,-4.65622
92.7274,1.43734
166.954,2.79441
191.284,3.41354
199.479,-4.04614
197.69,4.27078
188.694,3.32572
65.3718,-0.757396
85.5126,-1.28621
158.272,5.36051
56.445,-0.348891
192.361,3.45378
164.5,5.2419
154.233,2.54866
192.396,3.45514
119.186,6.02976
83.7122,-1.24652
192.52,3.45994
85.7509,1.2914
197.509,-3.71042
165.439,2.76376
171.786,-5.09347
191.898,-3.43614
195.434,3.58804
198.15,3.76023
148.043,-5.54449
104.716,-1.66878
194.421,-4.45414
153.053,-5.45576
59.0086,7.12152
58.7534,-0.487016
63.1297,0.6773
153.302,2.53149
69.6838,-0.893007
161.3,-5.30363
194.405,-3.53895
118.89,-1.92433
196.256,4.36237
106.355,-1.69909
169.956,-2.85658
174.918,2.96459
96.2439,-1.50732
153.859,2.54175
113.687,1.83201
194.226,-3.53094
191.17,4.58387
171.722,-2.8942
21.5409,8.21968
69.8759,6.89683
194.83,-3.55862
163.841,2.73192
149.959,2.47047
165.007,5.23193
42.0761,-7.52839
136.923,2.23924
197.432,-4.28936
60.6986,-0.578984
180.809,3.10452
50.8596,-7.30648
199.537,3.99014
190.419,3.38294
194.934,4.43035
85.2597,-1.28069
179.486,-4.91923
158.055,5.36454
189.064,4.65529
61.6609,0.619661
85.0583,1.27628
195.017,3.56751
115.568,1.86553
179.428,3.07029
68.1785,6.93058
177.984,3.0355
43.6677,-7.48604
199.452,-3.93849
190.185,3.37489
33.3028,7.78421
48.7997,7.35612
198.545,4.19755
171.148,-2.88187
89.933,-1.38014
91.7992,1.41851
199.347,-3.90939
46.4249,-7.41507
159.951,5.32915
165.961,5.21308
197.823,4.26069
90.3817,1.38943
138.003,2.25813
66.3344,6.96778
64.0497,0.711175
185.863,-3.24004
40.6931,-7.56608
152.452,5.46652
90.0982,1.38357
192.815,-3.47158
188.231,-4.68167
168.222,5.16762
58.183,-0.456691
174.235,-5.04042
134.955,-5.76802
199.357,-3.91188
165.834,2.77171
196.04,3.61982
190.592,4.60422
114.202,-6.11225
7.73224,-9.09923
176.075,4.99923
67.2595,0.819248
182.29,-3.14241
179.084,-4.92894
64.7188,7.00082
127.666,-2.07791
90.8372,-1.39882
60.5905,-7.08744
54.6103,-0.174995
90.6717,1.39541
199.226,-4.10951
191.417,-3.41834
199.35,4.08449
84.9253,6.61366
163.686,2.72886
117.286,-1.896
79.9362,1.16004
127.716,-5.88863
92.9234,6.47208
77.3924,-1.09883
152.877,-5.45891
122.064,-5.98218
169.795,2.85319
54.0019,0.0232834
190.364,-4.61206
188.036,-3.30498
83.4056,1.23967
149.764,2.46696
84.6939,1.26828
154.014,5.43846
135.498,-5.75892
173.661,2.93652
114.401,-6.10896
182.591,-3.15028
190.771,-3.39524
155.808,5.40588
159.784,5.33227
195.182,-3.57555
197.625,3.71879
157.591,5.37314
159.18,-5.34359
17.3902,8.41793
196.956,-3.67342
48.7557,-7.3572
175.703,-2.98239
78.1918,1.11835
29.292,7.9175
158.492,-2.62839
186.837,3.26854
199.324,4.09031
94.9161,6.4375
72.7209,6.84119
190.304,4.61414
151.437,-2.49733
120.153,6.01376
190.149,4.6194
168.458,-5.16282
29.985,-7.89356
181.378,3.1189
8.14439,9.05833
91.3649,1.40964
179.428,4.92064
198.693,4.18207
196.372,3.63836
141.861,5.65126
162.641,-2.70832
187.874,-4.69272
171.427,-2.88784
137.942,-5.71778
136.813,-2.2373
169.766,5.13591
190.935,3.40101
178.981,4.93141
187.187,4.71355
194.529,-4.44922
70.1871,0.907655
73.3711,-0.995956
165.261,5.22694
187.713,-4.69764
81.9768,-1.20736
177.147,-3.01578
195.091,4.42283
67.5846,-0.829478
153.371,2.53276
146.089,2.4009
73.4553,0.9982
85.9266,6.59565
193.864,3.51506
161.222,-2.6807
165.368,5.22482
172.206,-2.90465
110.678,1.77793
54.1794,-0.0964786
9.94141,8.89813
183.177,-4.82599
181.961,-3.13388
198.212,3.76562
136.472,5.74255
106.071,6.24778
131.258,-5.82979
169.672,-5.13785
110.929,6.16662
78.7342,-1.13144
144.268,5.60999
179.074,4.92919
133.455,2.17871
199.089,4.13187
63.5874,-0.694347
192.556,-4.53214
199.465,-4.05175
180.79,4.88719
189.195,4.65104
199.484,-4.04386
116.43,-6.07535
140.742,5.67033
180.981,-4.88243
82.3095,-6.6611
168.431,-2.82474
167.835,2.81243
54.549,0.166104
198.569,-4.19514
198.981,4.14726
91.8372,-6.49103
67.4634,-0.825677
128.803,-5.8706
195.805,3.6072
188.834,-4.66267
190.209,4.61738
158.545,-5.35545
115.316,-1.86105
141.182,5.66285
192.902,-4.51851
99.2795,1.56621
194.954,3.56452
71.4777,6.86536
199.388,4.0752
162.778,-2.711
133.644,2.182
170.862,5.113
132.424,2.16075
198.682,3.81125
179.066,3.06147
195.762,-3.60496
85.3525,6.60597
189.086,-3.33832
199.21,4.11241
199.229,-4.10895
164.266,2.74036
172.322,2.90718
193.1,4.51056
167.922,2.81422
58.6933,7.12838
142.02,5.64855
199.494,4.0397
153.798,2.54063
5.48076,-9.36241
146.136,-5.57771
95.2097,6.43243
112.32,6.1435
123.268,2.00116
165.765,2.77031
148.404,5.53817
192.893,4.51888
188.629,-3.32363
122.581,-1.98914
162.366,-2.70293
22.4767,-8.17918
13.9604,-8.61254
151.983,5.4749
147.652,5.55133
194.979,4.4282
92.3377,-1.42945
197.203,3.68941
192.18,-4.54662
87.1785,-6.57327
55.2618,0.250806
28.2344,7.95487
199.356,-3.91145
194.059,4.47021
162.938,2.71413
192.483,-4.53498
88.8925,-1.35844
120.585,1.95415
199.418,3.92756
198.015,3.74888
196.965,4.32028
196.299,-3.63417
141.284,-5.6611
199.485,3.95076
159.792,-5.33212
164.938,2.75374
193.094,3.4828
56.6647,7.17303
96.9356,1.52085
175.261,2.97233
190.889,4.59382
130.913,-2.13445
147.269,-5.55801
187.655,-4.69942
196.452,-3.64292
75.724,-1.05715
34.3525,7.75126
144.524,5.60558
196.334,-3.63619
72.3361,6.84864
57.756,-7.14889
109.852,-1.76297
100.782,1.59489
196.029,3.61923
61.8224,0.626243
190.114,-3.3725
194.916,4.43123
199.497,4.03815
171.328,-5.10318
147.267,2.42198
166.536,2.7859
134.502,5.77562
88.4443,6.55076
195.072,3.57016
190.95,-3.40155
108.296,-6.21053
172.32,2.90713
191.862,3.43479
65.9633,0.777256
196.705,-4.33626
59.0579,7.12045
198.697,3.81294
199.423,4.06556
147.876,-5.54742
157.867,5.36802
139.591,-5.68989
155.618,5.40936
118.093,6.04784
66.0148,-6.97428
56.7785,0.371949
147.448,-5.55489
173.159,2.92544
186.113,4.74507
137.447,-5.72613
47.9605,7.37674
68.399,-6.92617
66.4912,-6.96459
89.3814,1.36866
174.839,-2.96282
123.439,2.00416
156.381,2.58862
99.3445,-6.36149
134.421,2.19555
64.1603,0.715149
159.822,-5.33157
154.032,-2.54495
196.927,-4.32264
179.619,-4.91601
199.5,3.95785
193.383,-3.49469
122.787,5.97023
65.7581,0.770421
9.21814,-8.95943
97.2021,-1.52605
170.875,2.87604
183.482,4.8179
185.132,4.77291
198.344,-4.21698
149.447,-5.51986
105.662,1.68631
165.191,-5.22832
197.562,3.71421
193.092,-3.48272
158.774,-2.63375
122.005,-1.97905
135.396,-5.76063
186.525,3.25932
151.896,-5.47646
170.626,2.87074
137.696,5.72194
177.94,-4.95614
148.304,-2.44061
183.949,-4.80537
67.4199,6.94582
192.272,-3.45035
197.809,4.26175
113.122,-6.13018
83.6736,-1.24566
167.631,-2.80825
158.009,-2.61924
33.1327,-7.78962
199.492,-4.04053
177.833,3.03192
126.355,-5.91119
98.6545,6.37326
196.305,3.6345
139.742,-2.28862
73.4059,6.82796
198.607,3.8032
199.084,3.86191
180.261,4.90032
149.415,5.52042
148.293,2.44041
148.544,2.44492
81.161,1.18862
52.7572,7.26186
122.635,-1.99009
164.838,-2.75174
189.496,-3.35175
199.518,3.96865
156.289,2.58689
131.56,2.1457
25.0206,-8.07526
65.5048,6.98469
78.4664,-1.12499
194.188,3.52924
119.984,1.94358
53.8157,-7.23741
67.8955,-0.839156
179.492,-4.9191
172,2.9002
128.913,2.09963
199.395,-3.92137
141.529,-2.32006
76.7609,-1.08321
49.2756,-7.34454
170.591,-5.11869
114.212,-6.11209
199.538,-4.00144
158.232,2.62345
188.278,-3.31254
192.74,3.46862
167.43,-5.18367
188.42,-3.31701
155.317,2.56876
84.381,1.26137
173.28,-5.06132
101.477,1.60807
183.959,-4.8051
161.012,2.67663
149.988,2.471
39.0209,7.61283
154.672,-5.42655
48.9953,-7.35135
142.606,-5.63853
197.578,-4.27897
160.187,-2.66075
139.205,-5.69642
88.4169,1.34844
195.854,3.6098
196.845,4.32777
77.9868,-1.11337
180.708,-4.88923
116.347,6.07673
146.148,-2.40197
175.1,-5.02119
151.76,-2.50323
176.322,-2.9966
72.2871,-6.8496
18.4873,8.36219
128.292,5.87908
107.072,1.71227
198.696,4.18169
180.093,4.90445
197.872,-3.73746
161.184,2.67996
133.272,-5.79619
152.409,2.5151
177.577,3.02587
185.48,-3.22908
165.467,2.76433
198.786,-3.82292
74.3613,-6.80961
183.477,3.17377
101.414,1.60688
138.523,-5.70796
129.971,-2.11804
185.899,4.75122
161.686,-2.6897
86.9787,-1.31788
182.691,-3.15289
198.064,-3.75293
177.559,3.02545
170.381,-2.86556
184.106,4.80113
167.015,2.79565
85.9062,-6.59602
164.246,5.24686
103.184,6.29636
17.0264,8.43703
76.727,-1.08237
156.795,2.59638
81.7918,-6.67057
165.279,-2.76055
103.303,6.29434
188.407,4.67618
50.6967,-7.31036
189.868,-4.62889
54.4689,-0.153709
174.79,-2.9617
58.9745,0.49829
71.5721,0.946936
120.054,6.01541
91.0268,6.50522
86.4413,1.30634
130.825,-5.83699
62.7921,0.664468
114.44,-1.84544
128.855,-5.86973
122.845,1.99377
125.248,-5.92952
77.4769,6.75055
66.0447,0.779956
191.506,4.57173
4.78032,-9.46345
179.089,3.06204
151.694,-5.48005
103.756,6.28671
169.464,-2.84625
149.34,-5.52173
177.602,-3.02646
198.089,4.23935
199.162,-3.87404
55.0114,0.224699
14.8733,-8.55728
196.827,4.32888
196.697,3.6574
98.744,-1.55591
54.1052,-0.0751114
93.8171,-1.45925
193.788,-3.51178
43.1306,7.50021
163.167,5.26783
157.474,2.60914
70.0559,-0.903856
194.802,-3.55728
41.2208,7.55159
199.056,4.13675
199.532,4.01267
144.599,-2.37438
195.532,-4.40095
88.5592,1.35144
89.4647,-1.3704
87.964,1.33887
147.864,-5.54762
104.941,1.67295
198.937,4.153
187.69,-3.2943
60.3582,-0.563928
199.537,4.00311
197.646,4.27405
196.043,3.61995
177.824,4.95886
179.65,3.07572
192.281,4.54276
198.163,4.23304
82.1693,6.66367
198.095,3.75556
198.056,3.75231
163.032,5.27042
194.56,-3.54604
170.553,-2.86919
125.657,-5.92275
24.5009,-8.09581
199.266,4.10211
182.215,-3.14045
180.087,-4.90459
174.282,2.95032
198.124,4.23636
146.344,2.40546
197.61,3.71764
163.415,-2.72351
44.7214,-7.45857
164.463,-5.24262
140.266,-5.67843
173.632,2.93587
199.44,-4.06027
29.2888,7.91762
196.38,-4.35536
199.029,4.14065
146.845,-5.5654
197.521,4.28303
159.675,-5.33433
166.837,-2.79201
120.719,-1.95649
182.354,4.8475
198.706,3.81383
142.761,-2.34182
190.261,-3.3775
173.02,-5.06696
92.34,-1.4295
75.1569,6.79441
140.757,-2.30647
145.301,-5.59217
181.005,-3.10946
194.857,4.43401
54.5716,-0.169435
198.95,-3.84313
195.397,-3.58623
151.291,-5.48722
55.4332,0.267224
46.6399,7.40965
163.357,-5.26415
156.706,-5.38945
190.456,4.60891
79.954,-6.7044
195.968,-4.37818
85.0883,1.27694
166.542,-2.78603
67.8544,0.837883
113.801,1.83404
194.944,-3.56401
160.172,-2.66046
197.809,3.73254
160.326,2.66341
110.441,-1.77364
142.313,-5.64354
113.516,1.82894
196.931,3.67185
94.0057,-6.45327
54.3414,0.131603
186.921,-3.27104
110.098,6.18047
177.166,-4.97419
59.4972,-7.11094
187.914,4.6915
91.4545,6.49773
173.72,2.93781
198.236,3.76774
72.3639,-6.8481
187.98,4.68945
181.915,-3.13269
92.4019,1.43075
155.95,-5.4033
196.499,-4.34845
197.205,-4.30471
12.8876,-8.68137
127.829,-2.08075
86.9994,1.31833
198.353,-4.21614
198.392,3.78191
170.758,5.1152
69.1369,-0.876851
175.685,5.00805
53.875,-7.23605
173.007,-2.92211
87.8918,-1.33734
190.781,3.39558
180.792,3.10409
190.425,3.38315
178.354,3.04431
190.436,-3.38353
37.2141,-7.66495
102.431,6.30909
27.7488,7.97238
197.961,3.74449
186.639,-4.72976
133.831,-2.18527
182.325,-4.84825
125.769,-2.04484
129.288,2.10615
196.805,4.33018
94.2895,1.46868
177.541,-3.02502
197.708,3.72489
137.326,2.24628
199.52,-4.02444
152.753,5.46114
195.763,-3.60499
174.618,2.95784
110.439,-1.7736
199.518,-3.96893
196.673,-3.65599
54.4509,-0.150782
115.185,1.85871
125.345,-5.92792
198.868,-4.16182
39.2073,7.60756
69.7555,6.8992
198.816,-4.16806
73.5111,6.82593
189.051,4.65571
185.283,-4.76867
199.492,4.04062
112.297,1.80709
168.642,2.82911
171.386,-5.10195
112.391,-6.14232
198.094,3.75548
41.3137,-7.54906
114.245,6.11155
199.483,-3.95026
188.547,4.67176
188.538,-3.32074
54.1739,-0.0950796
194.076,3.5243
157.073,-2.60158
95.481,1.49231
196.505,3.64605
30.218,7.8856
187.404,4.70702
165.976,5.21279
181.333,-4.87358
198.978,-3.84686
120.759,1.9572
174.77,-2.96125
158.832,-2.63485
65.7291,0.769449
186.587,4.7313
62.4387,-7.04826
180.812,-3.10459
179.803,4.91153
79.9399,1.16012
199.292,-3.89764
194.104,-4.46827
197.07,4.31358
76.2823,-1.07125
187.658,4.69931
199.527,4.01885
185.836,-3.23926
199.339,-3.90768
122.78,1.99264
142.496,5.64042
